<?xml version='1.0' encoding='UTF-8'?>
<testsuite hostname="etp" name="fireworks.FireworksSuite" tests="12" errors="0" failures="0" skipped="0" time="0.45" timestamp="2021-10-30T14:22:29">
          <properties>
[...]
</properties>
          <testcase classname="fireworks.FireworksSuite" name="'Firework.next' returns 'Done' when given 'Done' `" time="0.034">
                      
                    </testcase><testcase classname="fireworks.FireworksSuite" name="'Firework.next' returns 'Waiting' or 'Launched' when given 'Waiting'" time="0.115">
                      
                    </testcase><testcase classname="fireworks.FireworksSuite" name="'Firework.next' returns 'Launched' or 'Exploding' when given 'Launched'" time="0.02">
                      
                    </testcase><testcase classname="fireworks.FireworksSuite" name="'Firework.next' returns 'Exploding' or 'Done' when given 'Exploding'" time="0.071">
                      
                    </testcase><testcase classname="fireworks.FireworksSuite" name="Operation 'next' on class 'Waiting' should return the same 'Waiting' value with a decremented 'countDown' until it is zero or negative" time="0.018">
                      
                    </testcase><testcase classname="fireworks.FireworksSuite" name="Operation 'next' on class 'Waiting' should return a 'Launched' value if the 'countDown' is zero or negative" time="0.011">
                      
                    </testcase><testcase classname="fireworks.FireworksSuite" name="Operation 'next' on class 'Launched' should return a 'Launched' value with a decremented 'countDown' until it is zero or negative" time="0.013">
                      
                    </testcase><testcase classname="fireworks.FireworksSuite" name="Operation 'next' on class 'Launched' should return a 'Launched' value with an updated 'position' until the 'countDown' is zero or negative" time="0.009">
                      
                    </testcase><testcase classname="fireworks.FireworksSuite" name="Operation 'next' on class 'Launched' should return an 'Exploding' value if the 'countDown' is zero or negative" time="0.011">
                      
                    </testcase><testcase classname="fireworks.FireworksSuite" name="Operation 'next' on class 'Exploding' should return an 'Exploding' value with a decremented 'countDown' until it is zero or negative" time="0.099">
                      
                    </testcase><testcase classname="fireworks.FireworksSuite" name="Operation 'next' on class 'Exploding' should return a 'Done' value if the 'countDown' is zero or negative" time="0.046">
                      
                    </testcase><testcase classname="fireworks.FireworksSuite" name="Operation 'next' on class 'Particle' should return a 'Particle' value that has moved" time="0.003">
                      
                    </testcase>
          <system-out><![CDATA[]]></system-out>
          <system-err><![CDATA[]]></system-err>
        </testsuite>